<?xml version="1.0" encoding="UTF-8"?>
<!-- Generated by org.testng.reporters.JUnitXMLReporter -->
<testsuite ignored="0" hostname="HT" failures="1" tests="2" name="Test" time="74.86" errors="0" timestamp="2024-08-01T14:47:23 GMT-04:00">
  <testcase classname="qa.tests.TestCase1" name="sampleMethodForEnteringCredentials" time="30.238">
    <skipped/>
  </testcase> <!-- sampleMethodForEnteringCredentials -->
  <testcase classname="qa.tests.TestCase1" name="sampleMethodForEnteringCredentials" time="30.079">
    <failure type="java.lang.AssertionError" message="Login button is sucessfully loaded expected [true] but found [false]">
      <![CDATA[java.lang.AssertionError: Login button is sucessfully loaded expected [true] but found [false]
at pageEvents.LoginPageEvents.verifyLoginPageIsLoaded(LoginPageEvents.java:14)
at qa.tests.TestCase1.sampleMethodForEnteringCredentials(TestCase1.java:22)
at java.base/java.util.ArrayList.forEach(ArrayList.java:1597)
... Removed 28 stack frames]]>
    </failure>
  </testcase> <!-- sampleMethodForEnteringCredentials -->
</testsuite> <!-- Test -->
